Build started 07/06/2015 20:55:52.
     1>Project "C:\Users\ענר\Documents\Visual Studio 2013\Projects\new try\new\OTExtension\OTExtnsion\OTExtnsion\OTExtnsion.vcxproj" on node 2 (Build target(s)).
     1>ClCompile:
         C:\Program Files (x86)\Microsoft Visual Studio 12.0\VC\bin\x86_amd64\CL.exe /c /Zi /nologo /W3 /WX- /Od /D WIN32 /D _DEBUG /D _CONSOLE /D _UNICODE /D UNICODE /Gm /EHsc /RTC1 /MDd /GS /fp:precise /Zc:wchar_t /Zc:forScope /Yu"stdafx.h" /Fp"x64\Debug\OTExtnsion.pch" /Fo"x64\Debug\\" /Fd"x64\Debug\vc120.pdb" /Gd /TP /errorReport:prompt "..\ot\asharov-lindell.cpp" ..\ot\baseOT.cpp ..\ot\brick.cpp "..\ot\double-exp.cpp" "..\ot\naor-pinkas.cpp" "..\ot\naor-pinkas_noro.cpp" "..\ot\ot-extension.cpp" ..\util\aes_core.cpp ..\util\cbitvector.cpp ..\util\sha1.cpp BMR.cpp Communication.cpp OTChannel.cpp main.cpp ottmain.cpp secCompMultiParty.cpp test.cpp
         test.cpp
     1>test.cpp(1): warning C4627: '#include "test.h"': skipped when looking for precompiled header use
                 Add directive to 'stdafx.h' or rebuild precompiled header
     1>test.cpp(2): warning C4627: '#include "test.h"': skipped when looking for precompiled header use
                 Add directive to 'stdafx.h' or rebuild precompiled header
     1>test.cpp(3): fatal error C1010: unexpected end of file while looking for precompiled header. Did you forget to add '#include "stdafx.h"' to your source?
         secCompMultiParty.cpp
     1>secCompMultiParty.cpp(9): warning C4627: '#include <string.h>': skipped when looking for precompiled header use
                 Add directive to 'stdafx.h' or rebuild precompiled header
     1>secCompMultiParty.cpp(10): warning C4627: '#include <stdlib.h>': skipped when looking for precompiled header use
                 Add directive to 'stdafx.h' or rebuild precompiled header
     1>secCompMultiParty.cpp(11): warning C4627: '#include "secCompMultiParty.h"': skipped when looking for precompiled header use
                 Add directive to 'stdafx.h' or rebuild precompiled header
     1>secCompMultiParty.cpp(12): warning C4627: '#include <emmintrin.h>': skipped when looking for precompiled header use
                 Add directive to 'stdafx.h' or rebuild precompiled header
     1>secCompMultiParty.cpp(13): warning C4627: '#include <smmintrin.h>': skipped when looking for precompiled header use
                 Add directive to 'stdafx.h' or rebuild precompiled header
     1>secCompMultiParty.cpp(14): warning C4627: '#include <stdint.h>': skipped when looking for precompiled header use
                 Add directive to 'stdafx.h' or rebuild precompiled header
     1>secCompMultiParty.cpp(476): fatal error C1010: unexpected end of file while looking for precompiled header. Did you forget to add '#include "stdafx.h"' to your source?
         ottmain.cpp
     1>ottmain.cpp(1): warning C4627: '#include "ottmain.h"': skipped when looking for precompiled header use
                 Add directive to 'stdafx.h' or rebuild precompiled header
     1>ottmain.cpp(1001): fatal error C1010: unexpected end of file while looking for precompiled header. Did you forget to add '#include "stdafx.h"' to your source?
         main.cpp
     1>main.cpp(1): warning C4627: '#include "ottmain.h"': skipped when looking for precompiled header use
                 Add directive to 'stdafx.h' or rebuild precompiled header
     1>main.cpp(2): warning C4627: '#include "OTChannel.h"': skipped when looking for precompiled header use
                 Add directive to 'stdafx.h' or rebuild precompiled header
     1>main.cpp(3): warning C4627: '#include <thread>': skipped when looking for precompiled header use
                 Add directive to 'stdafx.h' or rebuild precompiled header
     1>main.cpp(4): warning C4627: '#include "secCompMultiParty.h"': skipped when looking for precompiled header use
                 Add directive to 'stdafx.h' or rebuild precompiled header
     1>main.cpp(5): warning C4627: '#include "BMR.h"': skipped when looking for precompiled header use
                 Add directive to 'stdafx.h' or rebuild precompiled header
     1>main.cpp(6): warning C4627: '#include <math.h>': skipped when looking for precompiled header use
                 Add directive to 'stdafx.h' or rebuild precompiled header
     1>main.cpp(187): fatal error C1010: unexpected end of file while looking for precompiled header. Did you forget to add '#include "stdafx.h"' to your source?
         OTChannel.cpp
     1>OTChannel.cpp(1): fatal error C1010: unexpected end of file while looking for precompiled header. Did you forget to add '#include "stdafx.h"' to your source?
         Communication.cpp
     1>Communication.cpp(1): fatal error C1010: unexpected end of file while looking for precompiled header. Did you forget to add '#include "stdafx.h"' to your source?
         BMR.cpp
     1>BMR.cpp(1): warning C4627: '#include "BMR.h"': skipped when looking for precompiled header use
                 Add directive to 'stdafx.h' or rebuild precompiled header
     1>BMR.cpp(2): warning C4627: '#include <thread>': skipped when looking for precompiled header use
                 Add directive to 'stdafx.h' or rebuild precompiled header
     1>BMR.cpp(3): warning C4627: '#include <mutex>': skipped when looking for precompiled header use
                 Add directive to 'stdafx.h' or rebuild precompiled header
     1>BMR.cpp(4): warning C4627: '#include "secCompMultiParty.h"': skipped when looking for precompiled header use
                 Add directive to 'stdafx.h' or rebuild precompiled header
     1>BMR.cpp(5): warning C4627: '#include "ottmain.h"': skipped when looking for precompiled header use
                 Add directive to 'stdafx.h' or rebuild precompiled header
     1>BMR.cpp(6): warning C4627: '#include "test.h"': skipped when looking for precompiled header use
                 Add directive to 'stdafx.h' or rebuild precompiled header
     1>BMR.cpp(858): fatal error C1010: unexpected end of file while looking for precompiled header. Did you forget to add '#include "stdafx.h"' to your source?
         sha1.cpp
     1>..\util\sha1.cpp(31): warning C4627: '#include "sha1.h"': skipped when looking for precompiled header use
                 Add directive to 'stdafx.h' or rebuild precompiled header
     1>..\util\sha1.cpp(33): warning C4627: '#include <string.h>': skipped when looking for precompiled header use
                 Add directive to 'stdafx.h' or rebuild precompiled header
     1>..\util\sha1.cpp(132): warning C4005: 'F' : macro redefinition
                 ..\util\sha1.cpp(105) : see previous definition of 'F'
     1>..\util\sha1.cpp(133): warning C4005: 'K' : macro redefinition
                 ..\util\sha1.cpp(106) : see previous definition of 'K'
     1>..\util\sha1.cpp(159): warning C4005: 'F' : macro redefinition
                 ..\util\sha1.cpp(132) : see previous definition of 'F'
     1>..\util\sha1.cpp(160): warning C4005: 'K' : macro redefinition
                 ..\util\sha1.cpp(133) : see previous definition of 'K'
     1>..\util\sha1.cpp(186): warning C4005: 'F' : macro redefinition
                 ..\util\sha1.cpp(159) : see previous definition of 'F'
     1>..\util\sha1.cpp(187): warning C4005: 'K' : macro redefinition
                 ..\util\sha1.cpp(160) : see previous definition of 'K'
     1>..\util\sha1.cpp(609): fatal error C1010: unexpected end of file while looking for precompiled header. Did you forget to add '#include "stdafx.h"' to your source?
         cbitvector.cpp
     1>..\util\cbitvector.cpp(8): warning C4627: '#include "cbitvector.h"': skipped when looking for precompiled header use
                 Add directive to 'stdafx.h' or rebuild precompiled header
     1>..\util\cbitvector.cpp(656): fatal error C1010: unexpected end of file while looking for precompiled header. Did you forget to add '#include "stdafx.h"' to your source?
         aes_core.cpp
     1>..\util\aes_core.cpp(36): warning C4627: '#include <assert.h>': skipped when looking for precompiled header use
                 Add directive to 'stdafx.h' or rebuild precompiled header
     1>..\util\aes_core.cpp(38): warning C4627: '#include <stdlib.h>': skipped when looking for precompiled header use
                 Add directive to 'stdafx.h' or rebuild precompiled header
     1>..\util\aes_core.cpp(39): warning C4627: '#include "aes.h"': skipped when looking for precompiled header use
                 Add directive to 'stdafx.h' or rebuild precompiled header
     1>..\util\aes_core.cpp(40): warning C4627: '#include "aes_locl.h"': skipped when looking for precompiled header use
                 Add directive to 'stdafx.h' or rebuild precompiled header
     1>..\util\aes_core.cpp(1360): fatal error C1010: unexpected end of file while looking for precompiled header. Did you forget to add '#include "stdafx.h"' to your source?
         ot-extension.cpp
     1>..\ot\ot-extension.cpp(1): warning C4627: '#include "ot-extension.h"': skipped when looking for precompiled header use
                 Add directive to 'stdafx.h' or rebuild precompiled header
     1>..\ot\ot-extension.cpp(598): fatal error C1010: unexpected end of file while looking for precompiled header. Did you forget to add '#include "stdafx.h"' to your source?
         naor-pinkas_noro.cpp
     1>..\ot\naor-pinkas_noro.cpp(1): warning C4627: '#include "naor-pinkas_noro.h"': skipped when looking for precompiled header use
                 Add directive to 'stdafx.h' or rebuild precompiled header
     1>..\ot\naor-pinkas_noro.cpp(486): fatal error C1010: unexpected end of file while looking for precompiled header. Did you forget to add '#include "stdafx.h"' to your source?
         naor-pinkas.cpp
     1>..\ot\naor-pinkas.cpp(1): warning C4627: '#include "naor-pinkas.h"': skipped when looking for precompiled header use
                 Add directive to 'stdafx.h' or rebuild precompiled header
     1>..\ot\naor-pinkas.cpp(399): fatal error C1010: unexpected end of file while looking for precompiled header. Did you forget to add '#include "stdafx.h"' to your source?
         double-exp.cpp
     1>..\ot\double-exp.cpp(10): warning C4627: '#include "double-exp.h"': skipped when looking for precompiled header use
                 Add directive to 'stdafx.h' or rebuild precompiled header
     1>..\ot\double-exp.cpp(41): fatal error C1010: unexpected end of file while looking for precompiled header. Did you forget to add '#include "stdafx.h"' to your source?
         brick.cpp
     1>..\ot\brick.cpp(10): warning C4627: '#include "brick.h"': skipped when looking for precompiled header use
                 Add directive to 'stdafx.h' or rebuild precompiled header
     1>..\ot\brick.cpp(74): fatal error C1010: unexpected end of file while looking for precompiled header. Did you forget to add '#include "stdafx.h"' to your source?
         baseOT.cpp
     1>..\ot\baseOT.cpp(65): warning C4627: '#include "baseOT.h"': skipped when looking for precompiled header use
                 Add directive to 'stdafx.h' or rebuild precompiled header
     1>..\ot\baseOT.cpp(341): fatal error C1010: unexpected end of file while looking for precompiled header. Did you forget to add '#include "stdafx.h"' to your source?
         asharov-lindell.cpp
     1>..\ot\asharov-lindell.cpp(1): warning C4627: '#include "asharov-lindell.h"': skipped when looking for precompiled header use
                 Add directive to 'stdafx.h' or rebuild precompiled header
     1>..\ot\asharov-lindell.cpp(320): fatal error C1010: unexpected end of file while looking for precompiled header. Did you forget to add '#include "stdafx.h"' to your source?
         Generating Code...
     1>Done Building Project "C:\Users\ענר\Documents\Visual Studio 2013\Projects\new try\new\OTExtension\OTExtnsion\OTExtnsion\OTExtnsion.vcxproj" (Build target(s)) -- FAILED.

Build FAILED.

Time Elapsed 00:00:01.15
