c:\users\dell\documents\visual studio 2015\projects\otextension\otextnsion\otextnsion\x64\release\otextnsion.pch
c:\users\dell\documents\visual studio 2015\projects\otextension\otextnsion\otextnsion\x64\release\vc140.pdb
c:\users\dell\documents\visual studio 2015\projects\otextension\otextnsion\otextnsion\x64\release\stdafx.obj
c:\users\dell\documents\visual studio 2015\projects\otextension\otextnsion\otextnsion\x64\release\seccompmultiparty.obj
c:\users\dell\documents\visual studio 2015\projects\otextension\otextnsion\otextnsion\x64\release\ottmain.obj
c:\users\dell\documents\visual studio 2015\projects\otextension\otextnsion\otextnsion\x64\release\main.obj
c:\users\dell\documents\visual studio 2015\projects\otextension\otextnsion\otextnsion\x64\release\bmr_bgw_aux.obj
c:\users\dell\documents\visual studio 2015\projects\otextension\otextnsion\otextnsion\x64\release\bmr_bgw.obj
c:\users\dell\documents\visual studio 2015\projects\otextension\otextnsion\otextnsion\x64\release\bmr.obj
c:\users\dell\documents\visual studio 2015\projects\otextension\otextnsion\otextnsion\x64\release\basicsockets.obj
c:\users\dell\documents\visual studio 2015\projects\otextension\otextnsion\otextnsion\x64\release\tedkrovetzaesniwrapperc.obj
c:\users\dell\documents\visual studio 2015\projects\otextension\otextnsion\otextnsion\x64\release\sha1.obj
c:\users\dell\documents\visual studio 2015\projects\otextension\otextnsion\otextnsion\x64\release\cbitvector.obj
c:\users\dell\documents\visual studio 2015\projects\otextension\otextnsion\otextnsion\x64\release\aes_core.obj
c:\users\dell\documents\visual studio 2015\projects\otextension\otextnsion\otextnsion\x64\release\ot-extension.obj
c:\users\dell\documents\visual studio 2015\projects\otextension\otextnsion\otextnsion\x64\release\naor-pinkas_noro.obj
c:\users\dell\documents\visual studio 2015\projects\otextension\otextnsion\otextnsion\x64\release\naor-pinkas.obj
c:\users\dell\documents\visual studio 2015\projects\otextension\otextnsion\otextnsion\x64\release\double-exp.obj
c:\users\dell\documents\visual studio 2015\projects\otextension\otextnsion\otextnsion\x64\release\brick.obj
c:\users\dell\documents\visual studio 2015\projects\otextension\otextnsion\otextnsion\x64\release\baseot.obj
c:\users\dell\documents\visual studio 2015\projects\otextension\otextnsion\otextnsion\x64\release\asharov-lindell.obj
c:\users\dell\documents\visual studio 2015\projects\otextension\otextnsion\x64\release\otextnsion.exe
c:\users\dell\documents\visual studio 2015\projects\otextension\otextnsion\x64\release\otextnsion.ipdb
c:\users\dell\documents\visual studio 2015\projects\otextension\otextnsion\x64\release\otextnsion.iobj
c:\users\dell\documents\visual studio 2015\projects\otextension\otextnsion\x64\release\otextnsion.pdb
c:\users\dell\documents\visual studio 2015\projects\otextension\otextnsion\otextnsion\x64\release\otextnsion.tlog\cl.command.1.tlog
c:\users\dell\documents\visual studio 2015\projects\otextension\otextnsion\otextnsion\x64\release\otextnsion.tlog\cl.read.1.tlog
c:\users\dell\documents\visual studio 2015\projects\otextension\otextnsion\otextnsion\x64\release\otextnsion.tlog\cl.write.1.tlog
c:\users\dell\documents\visual studio 2015\projects\otextension\otextnsion\otextnsion\x64\release\otextnsion.tlog\link.command.1.tlog
c:\users\dell\documents\visual studio 2015\projects\otextension\otextnsion\otextnsion\x64\release\otextnsion.tlog\link.read.1.tlog
c:\users\dell\documents\visual studio 2015\projects\otextension\otextnsion\otextnsion\x64\release\otextnsion.tlog\link.write.1.tlog
